
Current input numbers: 
    5   11   12   16   15   17   18    2
    7   10    4   23   20    3    1   24
   21   19   14    9    6   22    8   13


Building a min heap...
Min heap: 
    1    2    3    7    4   13    5   16
   11    6    8   17   20   12   18   24
   21   19   14    9   10   22   15   23

Heap sort result (in ascending order): 
    1    2    3    4    5    6    7    8
    9   10   11   12   13   14   15   16
   17   18   19   20   21   22   23   24


Building a max heap...
Max heap: 
   24   23   15   19   22   13   14   17
   18   21   11   12    3    1    7   16
    8    4    9   20   10    5    2    6

Heap sort result (in descending order): 
   24   23   22   21   20   19   18   17
   16   15   14   13   12   11   10    9
    8    7    6    5    4    3    2    1

